2026-07-03 11:49:35 | SUCCESS  | backend.utils.logger:setup_logging:35 - Centralized Loguru application engine initialized successfully.
2026-07-03 11:49:35 | INFO     | backend.main:<module>:12 - Booting up AI Code Review Assistant Framework (v1.0.0)...
2026-07-03 11:49:35 | DEBUG    | backend.main:<module>:13 - Runtime parameters: Host=127.0.0.1, Port=8000, Debug=True
2026-07-03 11:49:35 | SUCCESS  | backend.main:<module>:28 - FastAPI application instance constructed and loaded safely.
2026-07-03 12:07:55 | SUCCESS  | backend.utils.logger:setup_logging:35 - Centralized Loguru application engine initialized successfully.
2026-07-03 12:07:55 | INFO     | backend.main:<module>:12 - Booting up AI Code Review Assistant Framework (v1.0.0)...
2026-07-03 12:07:55 | DEBUG    | backend.main:<module>:13 - Runtime parameters: Host=127.0.0.1, Port=8000, Debug=True
2026-07-03 12:07:55 | SUCCESS  | backend.main:<module>:28 - FastAPI application instance constructed and loaded safely.
2026-07-03 12:08:34 | SUCCESS  | backend.utils.logger:setup_logging:35 - Centralized Loguru application engine initialized successfully.
2026-07-03 12:08:34 | INFO     | backend.main:<module>:12 - Booting up AI Code Review Assistant Framework (v1.0.0)...
2026-07-03 12:08:34 | DEBUG    | backend.main:<module>:13 - Runtime parameters: Host=127.0.0.1, Port=8000, Debug=True
2026-07-03 12:08:34 | SUCCESS  | backend.main:<module>:28 - FastAPI application instance constructed and loaded safely.
2026-07-03 12:10:55 | SUCCESS  | backend.utils.logger:setup_logging:35 - Centralized Loguru application engine initialized successfully.
2026-07-03 12:10:55 | INFO     | backend.main:<module>:11 - Booting up AI Code Review Assistant Framework (v1.0.0)...
2026-07-03 12:10:55 | SUCCESS  | backend.main:<module>:32 - FastAPI routers successfully mounted. Application ready.
2026-07-03 12:11:22 | INFO     | backend.api.health:root_gateway:15 - System root welcome gateway requested.
2026-07-03 12:11:42 | INFO     | backend.api.health:root_gateway:15 - System root welcome gateway requested.
2026-07-03 12:11:56 | INFO     | backend.api.health:system_health_check:29 - API Version 1 diagnostics check requested by client pipeline.
2026-07-03 12:12:32 | INFO     | backend.api.health:system_health_check:29 - API Version 1 diagnostics check requested by client pipeline.
2026-07-03 12:12:48 | INFO     | backend.api.health:root_gateway:15 - System root welcome gateway requested.
2026-07-03 15:51:48 | SUCCESS  | backend.utils.logger:setup_logging:35 - Centralized Loguru application engine initialized successfully.
2026-07-03 15:51:48 | INFO     | backend.main:<module>:11 - Booting up AI Code Review Assistant Framework (v1.0.0)...
2026-07-03 15:51:48 | SUCCESS  | backend.main:<module>:32 - FastAPI routers successfully mounted. Application ready.
2026-07-03 15:52:24 | SUCCESS  | backend.utils.logger:setup_logging:35 - Centralized Loguru application engine initialized successfully.
2026-07-03 15:52:24 | INFO     | backend.main:<module>:11 - Booting up AI Code Review Assistant Framework (v1.0.0)...
2026-07-03 15:52:24 | SUCCESS  | backend.main:<module>:32 - FastAPI routers successfully mounted. Application ready.
2026-07-03 15:57:00 | SUCCESS  | backend.utils.logger:setup_logging:35 - Centralized Loguru application engine initialized successfully.
2026-07-03 15:57:00 | INFO     | backend.main:<module>:11 - Booting up AI Code Review Assistant Framework (v1.0.0)...
2026-07-03 15:57:00 | SUCCESS  | backend.main:<module>:32 - FastAPI routers successfully mounted. Application ready.
2026-07-03 15:57:04 | SUCCESS  | backend.utils.logger:setup_logging:35 - Centralized Loguru application engine initialized successfully.
2026-07-03 15:57:04 | INFO     | backend.main:<module>:11 - Booting up AI Code Review Assistant Framework (v1.0.0)...
2026-07-03 15:57:04 | SUCCESS  | backend.main:<module>:32 - FastAPI routers successfully mounted. Application ready.
2026-07-03 15:59:06 | SUCCESS  | backend.utils.logger:setup_logging:35 - Centralized Loguru application engine initialized successfully.
2026-07-03 15:59:06 | INFO     | backend.main:<module>:11 - Booting up AI Code Review Assistant Framework (v1.0.0)...
2026-07-03 15:59:06 | SUCCESS  | backend.main:<module>:32 - FastAPI routers successfully mounted. Application ready.
2026-07-03 15:59:45 | SUCCESS  | backend.utils.logger:setup_logging:35 - Centralized Loguru application engine initialized successfully.
2026-07-03 15:59:45 | INFO     | backend.main:<module>:11 - Booting up AI Code Review Assistant Framework (v1.0.0)...
2026-07-03 15:59:45 | SUCCESS  | backend.main:<module>:32 - FastAPI routers successfully mounted. Application ready.
2026-07-03 16:02:27 | SUCCESS  | backend.utils.logger:setup_logging:35 - Centralized Loguru application engine initialized successfully.
2026-07-03 16:02:27 | INFO     | backend.main:<module>:11 - Booting up AI Code Review Assistant Framework (v1.0.0)...
2026-07-03 16:02:27 | SUCCESS  | backend.main:<module>:32 - FastAPI routers successfully mounted. Application ready.
2026-07-03 16:02:34 | SUCCESS  | backend.utils.logger:setup_logging:35 - Centralized Loguru application engine initialized successfully.
2026-07-03 16:02:34 | INFO     | backend.main:<module>:11 - Booting up AI Code Review Assistant Framework (v1.0.0)...
2026-07-03 16:02:34 | SUCCESS  | backend.main:<module>:32 - FastAPI routers successfully mounted. Application ready.
2026-07-03 16:02:40 | SUCCESS  | backend.utils.logger:setup_logging:35 - Centralized Loguru application engine initialized successfully.
2026-07-03 16:02:40 | INFO     | backend.main:<module>:11 - Booting up AI Code Review Assistant Framework (v1.0.0)...
2026-07-03 16:02:40 | SUCCESS  | backend.main:<module>:32 - FastAPI routers successfully mounted. Application ready.
2026-07-03 16:02:41 | SUCCESS  | backend.utils.logger:setup_logging:35 - Centralized Loguru application engine initialized successfully.
2026-07-03 16:02:41 | INFO     | backend.main:<module>:11 - Booting up AI Code Review Assistant Framework (v1.0.0)...
2026-07-03 16:02:41 | SUCCESS  | backend.main:<module>:32 - FastAPI routers successfully mounted. Application ready.
2026-07-03 16:02:43 | SUCCESS  | backend.utils.logger:setup_logging:35 - Centralized Loguru application engine initialized successfully.
2026-07-03 16:02:43 | INFO     | backend.main:<module>:11 - Booting up AI Code Review Assistant Framework (v1.0.0)...
2026-07-03 16:02:43 | SUCCESS  | backend.main:<module>:32 - FastAPI routers successfully mounted. Application ready.
2026-07-03 16:02:47 | SUCCESS  | backend.utils.logger:setup_logging:35 - Centralized Loguru application engine initialized successfully.
2026-07-03 16:02:47 | INFO     | backend.main:<module>:11 - Booting up AI Code Review Assistant Framework (v1.0.0)...
2026-07-03 16:02:47 | SUCCESS  | backend.main:<module>:32 - FastAPI routers successfully mounted. Application ready.
2026-07-03 16:02:48 | SUCCESS  | backend.utils.logger:setup_logging:35 - Centralized Loguru application engine initialized successfully.
2026-07-03 16:02:48 | INFO     | backend.main:<module>:11 - Booting up AI Code Review Assistant Framework (v1.0.0)...
2026-07-03 16:02:48 | SUCCESS  | backend.main:<module>:32 - FastAPI routers successfully mounted. Application ready.
2026-07-03 16:02:52 | SUCCESS  | backend.utils.logger:setup_logging:35 - Centralized Loguru application engine initialized successfully.
2026-07-03 16:02:52 | INFO     | backend.main:<module>:11 - Booting up AI Code Review Assistant Framework (v1.0.0)...
2026-07-03 16:02:52 | SUCCESS  | backend.main:<module>:32 - FastAPI routers successfully mounted. Application ready.
2026-07-03 16:04:36 | SUCCESS  | backend.utils.logger:setup_logging:35 - Centralized Loguru application engine initialized successfully.
2026-07-03 16:04:36 | INFO     | backend.main:<module>:11 - Booting up AI Code Review Assistant Framework (v1.0.0)...
2026-07-03 16:04:36 | SUCCESS  | backend.main:<module>:32 - FastAPI routers successfully mounted. Application ready.
2026-07-03 16:04:50 | SUCCESS  | backend.utils.logger:setup_logging:35 - Centralized Loguru application engine initialized successfully.
2026-07-03 16:04:50 | INFO     | backend.main:<module>:11 - Booting up AI Code Review Assistant Framework (v1.0.0)...
2026-07-03 16:04:50 | SUCCESS  | backend.main:<module>:32 - FastAPI routers successfully mounted. Application ready.
2026-07-03 16:05:10 | SUCCESS  | backend.utils.logger:setup_logging:35 - Centralized Loguru application engine initialized successfully.
2026-07-03 16:05:10 | INFO     | backend.main:<module>:11 - Booting up AI Code Review Assistant Framework (v1.0.0)...
2026-07-03 16:05:10 | SUCCESS  | backend.main:<module>:32 - FastAPI routers successfully mounted. Application ready.
2026-07-03 16:05:27 | SUCCESS  | backend.utils.logger:setup_logging:35 - Centralized Loguru application engine initialized successfully.
2026-07-03 16:05:27 | INFO     | backend.main:<module>:11 - Booting up AI Code Review Assistant Framework (v1.0.0)...
2026-07-03 16:05:27 | SUCCESS  | backend.main:<module>:32 - FastAPI routers successfully mounted. Application ready.
2026-07-03 16:16:22 | SUCCESS  | backend.utils.logger:setup_logging:35 - Centralized Loguru application engine initialized successfully.
2026-07-03 16:16:22 | INFO     | backend.main:<module>:11 - Booting up AI Code Review Assistant Framework (v1.0.0)...
2026-07-03 16:16:22 | SUCCESS  | backend.main:<module>:32 - FastAPI routers successfully mounted. Application ready.
2026-07-03 16:24:08 | SUCCESS  | backend.utils.logger:setup_logging:35 - Centralized Loguru application engine initialized successfully.
2026-07-03 16:24:08 | INFO     | backend.main:<module>:11 - Booting up AI Code Review Assistant Framework (v1.0.0)...
2026-07-03 16:24:08 | SUCCESS  | backend.main:<module>:32 - FastAPI routers successfully mounted. Application ready.
2026-07-03 16:26:30 | SUCCESS  | backend.utils.logger:setup_logging:35 - Centralized Loguru application engine initialized successfully.
2026-07-03 16:26:30 | INFO     | backend.main:<module>:11 - Booting up AI Code Review Assistant Framework (v1.0.0)...
2026-07-03 16:26:30 | SUCCESS  | backend.main:<module>:32 - FastAPI routers successfully mounted. Application ready.
2026-07-03 16:26:49 | SUCCESS  | backend.utils.logger:setup_logging:35 - Centralized Loguru application engine initialized successfully.
2026-07-03 16:26:49 | INFO     | backend.main:<module>:11 - Booting up AI Code Review Assistant Framework (v1.0.0)...
2026-07-03 16:26:49 | SUCCESS  | backend.main:<module>:32 - FastAPI routers successfully mounted. Application ready.
2026-07-03 16:26:55 | SUCCESS  | backend.utils.logger:setup_logging:35 - Centralized Loguru application engine initialized successfully.
2026-07-03 16:26:55 | INFO     | backend.main:<module>:11 - Booting up AI Code Review Assistant Framework (v1.0.0)...
2026-07-03 16:26:55 | SUCCESS  | backend.main:<module>:32 - FastAPI routers successfully mounted. Application ready.
2026-07-03 16:27:03 | SUCCESS  | backend.utils.logger:setup_logging:35 - Centralized Loguru application engine initialized successfully.
2026-07-03 16:27:03 | INFO     | backend.main:<module>:11 - Booting up AI Code Review Assistant Framework (v1.0.0)...
2026-07-03 16:27:03 | SUCCESS  | backend.main:<module>:32 - FastAPI routers successfully mounted. Application ready.
2026-07-03 16:27:10 | SUCCESS  | backend.utils.logger:setup_logging:35 - Centralized Loguru application engine initialized successfully.
2026-07-03 16:27:10 | INFO     | backend.main:<module>:11 - Booting up AI Code Review Assistant Framework (v1.0.0)...
2026-07-03 16:27:10 | SUCCESS  | backend.main:<module>:32 - FastAPI routers successfully mounted. Application ready.
2026-07-03 16:29:09 | SUCCESS  | backend.utils.logger:setup_logging:35 - Centralized Loguru application engine initialized successfully.
2026-07-03 16:29:09 | INFO     | backend.main:<module>:11 - Booting up AI Code Review Assistant Framework (v1.0.0)...
2026-07-03 16:29:09 | SUCCESS  | backend.main:<module>:32 - FastAPI routers successfully mounted. Application ready.
2026-07-03 16:29:15 | SUCCESS  | backend.utils.logger:setup_logging:35 - Centralized Loguru application engine initialized successfully.
2026-07-03 16:29:15 | INFO     | backend.main:<module>:11 - Booting up AI Code Review Assistant Framework (v1.0.0)...
2026-07-03 16:29:15 | SUCCESS  | backend.main:<module>:32 - FastAPI routers successfully mounted. Application ready.
2026-07-03 16:29:48 | SUCCESS  | backend.utils.logger:setup_logging:35 - Centralized Loguru application engine initialized successfully.
2026-07-03 16:29:48 | INFO     | backend.main:<module>:11 - Booting up AI Code Review Assistant Framework (v1.0.0)...
2026-07-03 16:29:48 | SUCCESS  | backend.main:<module>:32 - FastAPI routers successfully mounted. Application ready.
2026-07-03 16:30:01 | SUCCESS  | backend.utils.logger:setup_logging:35 - Centralized Loguru application engine initialized successfully.
2026-07-03 16:30:01 | INFO     | backend.main:<module>:11 - Booting up AI Code Review Assistant Framework (v1.0.0)...
2026-07-03 16:30:01 | SUCCESS  | backend.main:<module>:32 - FastAPI routers successfully mounted. Application ready.
